<?xml version="1.0" encoding="UTF-8"?>
<!-- Generated by org.testng.reporters.JUnitXMLReporter -->
<testsuite hostname="DESKTOP-JCEGEB0" ignored="0" name="Test Maven Testing" tests="6" failures="0" timestamp="2019-11-30T15:14:54 PKT" time="0.088" errors="0">
  <testcase name="mul" time="0.008" classname="com.finexus.tests.TestDemo"/>
  <testcase name="sub" time="0.0" classname="com.finexus.tests.TestDemo"/>
  <testcase name="sum" time="0.001" classname="com.finexus.tests.TestDemo"/>
  <testcase name="mul" time="0.001" classname="com.finexus.tests.TestDemo2"/>
  <testcase name="sub" time="0.0" classname="com.finexus.tests.TestDemo2"/>
  <testcase name="sum" time="0.0" classname="com.finexus.tests.TestDemo2"/>
</testsuite> <!-- Test Maven Testing -->
