<?xml version="1.0" encoding="UTF-8"?>
<testng-results skipped="0" failed="0" ignored="0" total="7" passed="7">
  <reporter-output>
  </reporter-output>
  <suite name="Test Maven Suite" duration-ms="17101" started-at="2019-11-30T16:38:32 PKT" finished-at="2019-11-30T16:38:49 PKT">
    <groups>
    </groups>
    <test name="Test Maven Testing" duration-ms="17101" started-at="2019-11-30T16:38:32 PKT" finished-at="2019-11-30T16:38:49 PKT">
      <class name="com.finexus.tests.TestDemo">
        <test-method status="PASS" signature="mul()[pri:0, instance:com.finexus.tests.TestDemo@42dafa95]" name="mul" duration-ms="3" started-at="2019-11-30T16:38:49 PKT" finished-at="2019-11-30T16:38:49 PKT">
          <reporter-output>
          </reporter-output>
        </test-method> <!-- mul -->
        <test-method status="PASS" signature="sub()[pri:0, instance:com.finexus.tests.TestDemo@42dafa95]" name="sub" duration-ms="0" started-at="2019-11-30T16:38:49 PKT" finished-at="2019-11-30T16:38:49 PKT">
          <reporter-output>
          </reporter-output>
        </test-method> <!-- sub -->
        <test-method status="PASS" signature="sum()[pri:0, instance:com.finexus.tests.TestDemo@42dafa95]" name="sum" duration-ms="0" started-at="2019-11-30T16:38:49 PKT" finished-at="2019-11-30T16:38:49 PKT">
          <reporter-output>
          </reporter-output>
        </test-method> <!-- sum -->
      </class> <!-- com.finexus.tests.TestDemo -->
      <class name="com.finexus.tests.TestDemo2">
        <test-method status="PASS" signature="mul()[pri:0, instance:com.finexus.tests.TestDemo2@6500df86]" name="mul" duration-ms="1" started-at="2019-11-30T16:38:49 PKT" finished-at="2019-11-30T16:38:49 PKT">
          <reporter-output>
          </reporter-output>
        </test-method> <!-- mul -->
        <test-method status="PASS" signature="sub()[pri:0, instance:com.finexus.tests.TestDemo2@6500df86]" name="sub" duration-ms="0" started-at="2019-11-30T16:38:49 PKT" finished-at="2019-11-30T16:38:49 PKT">
          <reporter-output>
          </reporter-output>
        </test-method> <!-- sub -->
        <test-method status="PASS" signature="sum()[pri:0, instance:com.finexus.tests.TestDemo2@6500df86]" name="sum" duration-ms="0" started-at="2019-11-30T16:38:49 PKT" finished-at="2019-11-30T16:38:49 PKT">
          <reporter-output>
          </reporter-output>
        </test-method> <!-- sum -->
      </class> <!-- com.finexus.tests.TestDemo2 -->
      <class name="com.finexus.tests.TestCuraHealth6">
        <test-method status="PASS" signature="setUp()[pri:0, instance:com.finexus.tests.TestCuraHealth6@589838eb]" name="setUp" is-config="true" duration-ms="8884" started-at="2019-11-30T16:38:32 PKT" finished-at="2019-11-30T16:38:41 PKT">
          <reporter-output>
          </reporter-output>
        </test-method> <!-- setUp -->
        <test-method status="PASS" signature="testCuraHealth6()[pri:0, instance:com.finexus.tests.TestCuraHealth6@589838eb]" name="testCuraHealth6" duration-ms="7601" started-at="2019-11-30T16:38:41 PKT" finished-at="2019-11-30T16:38:49 PKT">
          <reporter-output>
          </reporter-output>
        </test-method> <!-- testCuraHealth6 -->
        <test-method status="PASS" signature="tearDown()[pri:0, instance:com.finexus.tests.TestCuraHealth6@589838eb]" name="tearDown" is-config="true" duration-ms="560" started-at="2019-11-30T16:38:49 PKT" finished-at="2019-11-30T16:38:49 PKT">
          <reporter-output>
          </reporter-output>
        </test-method> <!-- tearDown -->
      </class> <!-- com.finexus.tests.TestCuraHealth6 -->
    </test> <!-- Test Maven Testing -->
  </suite> <!-- Test Maven Suite -->
</testng-results>
